The system is: Linux - 4.15.0-139-generic - x86_64
Compiling the CXX compiler identification source file "CMakeCXXCompilerId.cpp" succeeded.
Compiler: /mnt/tbbusers/tbbtest/tools/linux/oneapi_compiler/nightly_20210216/build/linux_prod/compiler/linux/bin/dpcpp 
Build flags: 
Id flags:  

The output was:
0


Compilation of the CXX compiler identification source "CMakeCXXCompilerId.cpp" produced "a.out"

The CXX compiler identification is Clang, found in "/nfs/site/home/andreyfe/work/repos/GITHUB/oneDPL/examples/gamma_correction/build/CMakeFiles/3.10.2/CompilerIdCXX/a.out"

Determining if the CXX compiler works passed with the following output:
Change Dir: /nfs/site/home/andreyfe/work/repos/GITHUB/oneDPL/examples/gamma_correction/build/CMakeFiles/CMakeTmp

Run Build Command:"/usr/bin/make" "cmTC_722e6/fast"
/usr/bin/make -f CMakeFiles/cmTC_722e6.dir/build.make CMakeFiles/cmTC_722e6.dir/build
make[1]: Entering directory '/mnt/tbbusers/andreyfe/work/repos/GITHUB/oneDPL/examples/gamma_correction/build/CMakeFiles/CMakeTmp'
Building CXX object CMakeFiles/cmTC_722e6.dir/testCXXCompiler.cxx.o
/mnt/tbbusers/tbbtest/tools/linux/oneapi_compiler/nightly_20210216/build/linux_prod/compiler/linux/bin/dpcpp     -o CMakeFiles/cmTC_722e6.dir/testCXXCompiler.cxx.o -c /nfs/site/home/andreyfe/work/repos/GITHUB/oneDPL/examples/gamma_correction/build/CMakeFiles/CMakeTmp/testCXXCompiler.cxx
Linking CXX executable cmTC_722e6
/usr/bin/cmake -E cmake_link_script CMakeFiles/cmTC_722e6.dir/link.txt --verbose=1
/mnt/tbbusers/tbbtest/tools/linux/oneapi_compiler/nightly_20210216/build/linux_prod/compiler/linux/bin/dpcpp       -rdynamic CMakeFiles/cmTC_722e6.dir/testCXXCompiler.cxx.o  -o cmTC_722e6 
make[1]: Leaving directory '/mnt/tbbusers/andreyfe/work/repos/GITHUB/oneDPL/examples/gamma_correction/build/CMakeFiles/CMakeTmp'


Detecting CXX compiler ABI info compiled with the following output:
Change Dir: /nfs/site/home/andreyfe/work/repos/GITHUB/oneDPL/examples/gamma_correction/build/CMakeFiles/CMakeTmp

Run Build Command:"/usr/bin/make" "cmTC_4a543/fast"
/usr/bin/make -f CMakeFiles/cmTC_4a543.dir/build.make CMakeFiles/cmTC_4a543.dir/build
make[1]: Entering directory '/mnt/tbbusers/andreyfe/work/repos/GITHUB/oneDPL/examples/gamma_correction/build/CMakeFiles/CMakeTmp'
Building CXX object CMakeFiles/cmTC_4a543.dir/CMakeCXXCompilerABI.cpp.o
/mnt/tbbusers/tbbtest/tools/linux/oneapi_compiler/nightly_20210216/build/linux_prod/compiler/linux/bin/dpcpp     -o CMakeFiles/cmTC_4a543.dir/CMakeCXXCompilerABI.cpp.o -c /usr/share/cmake-3.10/Modules/CMakeCXXCompilerABI.cpp
Linking CXX executable cmTC_4a543
/usr/bin/cmake -E cmake_link_script CMakeFiles/cmTC_4a543.dir/link.txt --verbose=1
/mnt/tbbusers/tbbtest/tools/linux/oneapi_compiler/nightly_20210216/build/linux_prod/compiler/linux/bin/dpcpp      -v -rdynamic CMakeFiles/cmTC_4a543.dir/CMakeCXXCompilerABI.cpp.o  -o cmTC_4a543 
Intel(R) oneAPI DPC++ Compiler 2021.2.0 (2021.1.0.0216)
Target: x86_64-unknown-linux-gnu
Thread model: posix
InstalledDir: /mnt/tbbusers/tbbtest/tools/linux/oneapi_compiler/nightly_20210216/build/linux_prod/compiler/linux/bin
Found candidate GCC installation: /usr/lib/gcc/x86_64-linux-gnu/7
Found candidate GCC installation: /usr/lib/gcc/x86_64-linux-gnu/7.5.0
Found candidate GCC installation: /usr/lib/gcc/x86_64-linux-gnu/8
Selected GCC installation: /usr/lib/gcc/x86_64-linux-gnu/7.5.0
Candidate multilib: .;@m64
Candidate multilib: 32;@m32
Candidate multilib: x32;@mx32
Selected multilib: .;@m64
 "/mnt/tbbusers/tbbtest/tools/linux/oneapi_compiler/nightly_20210216/build/linux_prod/compiler/linux/bin/clang-offload-bundler" -type=o -targets=host-x86_64-unknown-linux-gnu,sycl-spir64-unknown-unknown-sycldevice -inputs=CMakeFiles/cmTC_4a543.dir/CMakeCXXCompilerABI.cpp.o -outputs=/tmp/CMakeCXXCompilerABI-607fe1.o,/tmp/CMakeCXXCompilerABI-50a2f0.o -unbundle -allow-missing-bundles
 "/mnt/tbbusers/tbbtest/tools/linux/oneapi_compiler/nightly_20210216/build/linux_prod/compiler/linux/bin/llvm-link" /tmp/CMakeCXXCompilerABI-50a2f0.o -o /tmp/CMakeCXXCompilerABI-abe550.bc --suppress-warnings
 "/mnt/tbbusers/tbbtest/tools/linux/oneapi_compiler/nightly_20210216/build/linux_prod/compiler/linux/bin/clang-offload-bundler" -type=o -targets=sycl-spir64-unknown-unknown-sycldevice -inputs=/mnt/tbbusers/tbbtest/tools/linux/oneapi_compiler/nightly_20210216/build/linux_prod/compiler/linux/bin/../lib/libsycl-crt.o -outputs=/tmp/libsycl-crt-0cf14f.o -unbundle -allow-missing-bundles
 "/mnt/tbbusers/tbbtest/tools/linux/oneapi_compiler/nightly_20210216/build/linux_prod/compiler/linux/bin/clang-offload-bundler" -type=o -targets=sycl-spir64-unknown-unknown-sycldevice -inputs=/mnt/tbbusers/tbbtest/tools/linux/oneapi_compiler/nightly_20210216/build/linux_prod/compiler/linux/bin/../lib/libsycl-complex.o -outputs=/tmp/libsycl-complex-d17ab3.o -unbundle -allow-missing-bundles
 "/mnt/tbbusers/tbbtest/tools/linux/oneapi_compiler/nightly_20210216/build/linux_prod/compiler/linux/bin/clang-offload-bundler" -type=o -targets=sycl-spir64-unknown-unknown-sycldevice -inputs=/mnt/tbbusers/tbbtest/tools/linux/oneapi_compiler/nightly_20210216/build/linux_prod/compiler/linux/bin/../lib/libsycl-complex-fp64.o -outputs=/tmp/libsycl-complex-fp64-723e12.o -unbundle -allow-missing-bundles
 "/mnt/tbbusers/tbbtest/tools/linux/oneapi_compiler/nightly_20210216/build/linux_prod/compiler/linux/bin/clang-offload-bundler" -type=o -targets=sycl-spir64-unknown-unknown-sycldevice -inputs=/mnt/tbbusers/tbbtest/tools/linux/oneapi_compiler/nightly_20210216/build/linux_prod/compiler/linux/bin/../lib/libsycl-cmath.o -outputs=/tmp/libsycl-cmath-f62992.o -unbundle -allow-missing-bundles
 "/mnt/tbbusers/tbbtest/tools/linux/oneapi_compiler/nightly_20210216/build/linux_prod/compiler/linux/bin/clang-offload-bundler" -type=o -targets=sycl-spir64-unknown-unknown-sycldevice -inputs=/mnt/tbbusers/tbbtest/tools/linux/oneapi_compiler/nightly_20210216/build/linux_prod/compiler/linux/bin/../lib/libsycl-cmath-fp64.o -outputs=/tmp/libsycl-cmath-fp64-93d783.o -unbundle -allow-missing-bundles
 "/mnt/tbbusers/tbbtest/tools/linux/oneapi_compiler/nightly_20210216/build/linux_prod/compiler/linux/bin/clang-offload-bundler" -type=o -targets=sycl-spir64-unknown-unknown-sycldevice -inputs=/mnt/tbbusers/tbbtest/tools/linux/oneapi_compiler/nightly_20210216/build/linux_prod/compiler/linux/bin/../lib/libsycl-fallback-cassert.o -outputs=/tmp/libsycl-fallback-cassert-79f6a3.o -unbundle -allow-missing-bundles
 "/mnt/tbbusers/tbbtest/tools/linux/oneapi_compiler/nightly_20210216/build/linux_prod/compiler/linux/bin/clang-offload-bundler" -type=o -targets=sycl-spir64-unknown-unknown-sycldevice -inputs=/mnt/tbbusers/tbbtest/tools/linux/oneapi_compiler/nightly_20210216/build/linux_prod/compiler/linux/bin/../lib/libsycl-fallback-complex.o -outputs=/tmp/libsycl-fallback-complex-584c2f.o -unbundle -allow-missing-bundles
 "/mnt/tbbusers/tbbtest/tools/linux/oneapi_compiler/nightly_20210216/build/linux_prod/compiler/linux/bin/clang-offload-bundler" -type=o -targets=sycl-spir64-unknown-unknown-sycldevice -inputs=/mnt/tbbusers/tbbtest/tools/linux/oneapi_compiler/nightly_20210216/build/linux_prod/compiler/linux/bin/../lib/libsycl-fallback-complex-fp64.o -outputs=/tmp/libsycl-fallback-complex-fp64-091373.o -unbundle -allow-missing-bundles
 "/mnt/tbbusers/tbbtest/tools/linux/oneapi_compiler/nightly_20210216/build/linux_prod/compiler/linux/bin/clang-offload-bundler" -type=o -targets=sycl-spir64-unknown-unknown-sycldevice -inputs=/mnt/tbbusers/tbbtest/tools/linux/oneapi_compiler/nightly_20210216/build/linux_prod/compiler/linux/bin/../lib/libsycl-fallback-cmath.o -outputs=/tmp/libsycl-fallback-cmath-569802.o -unbundle -allow-missing-bundles
 "/mnt/tbbusers/tbbtest/tools/linux/oneapi_compiler/nightly_20210216/build/linux_prod/compiler/linux/bin/clang-offload-bundler" -type=o -targets=sycl-spir64-unknown-unknown-sycldevice -inputs=/mnt/tbbusers/tbbtest/tools/linux/oneapi_compiler/nightly_20210216/build/linux_prod/compiler/linux/bin/../lib/libsycl-fallback-cmath-fp64.o -outputs=/tmp/libsycl-fallback-cmath-fp64-a9571e.o -unbundle -allow-missing-bundles
 "/mnt/tbbusers/tbbtest/tools/linux/oneapi_compiler/nightly_20210216/build/linux_prod/compiler/linux/bin/llvm-link" -only-needed /tmp/CMakeCXXCompilerABI-abe550.bc /tmp/libsycl-crt-0cf14f.o /tmp/libsycl-complex-d17ab3.o /tmp/libsycl-complex-fp64-723e12.o /tmp/libsycl-cmath-f62992.o /tmp/libsycl-cmath-fp64-93d783.o /tmp/libsycl-fallback-cassert-79f6a3.o /tmp/libsycl-fallback-complex-584c2f.o /tmp/libsycl-fallback-complex-fp64-091373.o /tmp/libsycl-fallback-cmath-569802.o /tmp/libsycl-fallback-cmath-fp64-a9571e.o -o /tmp/CMakeCXXCompilerABI-a879f1.bc --suppress-warnings
 "/mnt/tbbusers/tbbtest/tools/linux/oneapi_compiler/nightly_20210216/build/linux_prod/compiler/linux/bin/sycl-post-link" -split=auto -symbols -spec-const=rt -o /tmp/CMakeCXXCompilerABI-c4901c.table /tmp/CMakeCXXCompilerABI-a879f1.bc
 "/mnt/tbbusers/tbbtest/tools/linux/oneapi_compiler/nightly_20210216/build/linux_prod/compiler/linux/bin/file-table-tform" -extract=Code -drop_titles -o /tmp/CMakeCXXCompilerABI-01514d.txt /tmp/CMakeCXXCompilerABI-c4901c.table
 "/mnt/tbbusers/tbbtest/tools/linux/oneapi_compiler/nightly_20210216/build/linux_prod/compiler/linux/bin/llvm-foreach" --in-file-list=/tmp/CMakeCXXCompilerABI-01514d.txt --in-replace=/tmp/CMakeCXXCompilerABI-01514d.txt --out-ext=spv --out-file-list=/tmp/CMakeCXXCompilerABI-4a3e23.txt --out-replace=/tmp/CMakeCXXCompilerABI-4a3e23.txt -- /mnt/tbbusers/tbbtest/tools/linux/oneapi_compiler/nightly_20210216/build/linux_prod/compiler/linux/bin/llvm-spirv -o /tmp/CMakeCXXCompilerABI-4a3e23.txt -spirv-max-version=1.1 -spirv-debug-info-version=legacy -spirv-allow-extra-diexpressions -spirv-ext=+all,-SPV_INTEL_usm_storage_classes /tmp/CMakeCXXCompilerABI-01514d.txt
 "/mnt/tbbusers/tbbtest/tools/linux/oneapi_compiler/nightly_20210216/build/linux_prod/compiler/linux/bin/file-table-tform" -replace=Code,Code -o /tmp/CMakeCXXCompilerABI-0cd63e.table /tmp/CMakeCXXCompilerABI-c4901c.table /tmp/CMakeCXXCompilerABI-4a3e23.txt
 "/mnt/tbbusers/tbbtest/tools/linux/oneapi_compiler/nightly_20210216/build/linux_prod/compiler/linux/bin/clang-offload-wrapper" -o=/tmp/wrapper-c4a64b.bc -host=x86_64-unknown-linux-gnu -target=spir64 -kind=sycl -batch /tmp/CMakeCXXCompilerABI-0cd63e.table
 "/mnt/tbbusers/tbbtest/tools/linux/oneapi_compiler/nightly_20210216/build/linux_prod/compiler/linux/bin/llc" -filetype=obj -o /tmp/cmTC_4a543-4e6b75.o /tmp/wrapper-c4a64b.bc
 "/usr/bin/ld" -export-dynamic -z relro --hash-style=gnu --eh-frame-hdr -m elf_x86_64 -export-dynamic -dynamic-linker /lib64/ld-linux-x86-64.so.2 -o cmTC_4a543 /usr/lib/gcc/x86_64-linux-gnu/7.5.0/../../../x86_64-linux-gnu/crt1.o /usr/lib/gcc/x86_64-linux-gnu/7.5.0/../../../x86_64-linux-gnu/crti.o /usr/lib/gcc/x86_64-linux-gnu/7.5.0/crtbegin.o -L/mnt/tbbusers/tbbtest/tools/linux/oneapi_compiler/nightly_20210216/build/linux_prod/compiler/linux/bin/../compiler/lib/intel64_lin -L/mnt/tbbusers/tbbtest/tools/linux/oneapi_compiler/nightly_20210216/build/linux_prod/compiler/linux/bin/../lib -L/mnt/tbbusers/tbbtest/tools/linux/oneapi_compiler/nightly_20210216/build/linux_prod/compiler/linux/bin/../compiler/lib/intel64_lin -L/usr/lib/gcc/x86_64-linux-gnu/7.5.0 -L/usr/lib/gcc/x86_64-linux-gnu/7.5.0/../../../x86_64-linux-gnu -L/lib/x86_64-linux-gnu -L/lib/../lib64 -L/usr/lib/x86_64-linux-gnu -L/usr/lib/gcc/x86_64-linux-gnu/7.5.0/../../.. -L/mnt/tbbusers/tbbtest/tools/linux/oneapi_compiler/nightly_20210216/build/linux_prod/compiler/linux/bin/../lib -L/lib -L/usr/lib -L/mnt/tbbusers/tbbtest/tools/linux/inteloneapi/2021.1-gold-idp/tbb/2021.1.1/env/../lib/intel64/gcc4.8 -L/mnt/tbbusers/tbbtest/tools/linux/oneapi_compiler/nightly_20210216/build/linux_prod/compiler/linux/compiler/lib/intel64_lin -L/mnt/tbbusers/tbbtest/tools/linux/oneapi_compiler/nightly_20210216/build/linux_prod/compiler/linux/lib /tmp/CMakeCXXCompilerABI-607fe1.o /tmp/cmTC_4a543-4e6b75.o -Bstatic -lsvml -Bdynamic -Bstatic -lirng -Bdynamic -lstdc++ -limf -lm -lgcc_s -lgcc -Bstatic -lirc -Bdynamic -ldl -lgcc_s -lgcc -lsycl -lc -lgcc_s -lgcc -Bstatic -lirc_s -Bdynamic /usr/lib/gcc/x86_64-linux-gnu/7.5.0/crtend.o /usr/lib/gcc/x86_64-linux-gnu/7.5.0/../../../x86_64-linux-gnu/crtn.o
make[1]: Leaving directory '/mnt/tbbusers/andreyfe/work/repos/GITHUB/oneDPL/examples/gamma_correction/build/CMakeFiles/CMakeTmp'


Parsed CXX implicit link information from above output:
  link line regex: [^( *|.*[/\])(ld|CMAKE_LINK_STARTFILE-NOTFOUND|([^/\]+-)?ld|collect2)[^/\]*( |$)]
  ignore line: [Change Dir: /nfs/site/home/andreyfe/work/repos/GITHUB/oneDPL/examples/gamma_correction/build/CMakeFiles/CMakeTmp]
  ignore line: []
  ignore line: [Run Build Command:"/usr/bin/make" "cmTC_4a543/fast"]
  ignore line: [/usr/bin/make -f CMakeFiles/cmTC_4a543.dir/build.make CMakeFiles/cmTC_4a543.dir/build]
  ignore line: [make[1]: Entering directory '/mnt/tbbusers/andreyfe/work/repos/GITHUB/oneDPL/examples/gamma_correction/build/CMakeFiles/CMakeTmp']
  ignore line: [Building CXX object CMakeFiles/cmTC_4a543.dir/CMakeCXXCompilerABI.cpp.o]
  ignore line: [/mnt/tbbusers/tbbtest/tools/linux/oneapi_compiler/nightly_20210216/build/linux_prod/compiler/linux/bin/dpcpp     -o CMakeFiles/cmTC_4a543.dir/CMakeCXXCompilerABI.cpp.o -c /usr/share/cmake-3.10/Modules/CMakeCXXCompilerABI.cpp]
  ignore line: [Linking CXX executable cmTC_4a543]
  ignore line: [/usr/bin/cmake -E cmake_link_script CMakeFiles/cmTC_4a543.dir/link.txt --verbose=1]
  ignore line: [/mnt/tbbusers/tbbtest/tools/linux/oneapi_compiler/nightly_20210216/build/linux_prod/compiler/linux/bin/dpcpp      -v -rdynamic CMakeFiles/cmTC_4a543.dir/CMakeCXXCompilerABI.cpp.o  -o cmTC_4a543 ]
  ignore line: [Intel(R) oneAPI DPC++ Compiler 2021.2.0 (2021.1.0.0216)]
  ignore line: [Target: x86_64-unknown-linux-gnu]
  ignore line: [Thread model: posix]
  ignore line: [InstalledDir: /mnt/tbbusers/tbbtest/tools/linux/oneapi_compiler/nightly_20210216/build/linux_prod/compiler/linux/bin]
  ignore line: [Found candidate GCC installation: /usr/lib/gcc/x86_64-linux-gnu/7]
  ignore line: [Found candidate GCC installation: /usr/lib/gcc/x86_64-linux-gnu/7.5.0]
  ignore line: [Found candidate GCC installation: /usr/lib/gcc/x86_64-linux-gnu/8]
  ignore line: [Selected GCC installation: /usr/lib/gcc/x86_64-linux-gnu/7.5.0]
  ignore line: [Candidate multilib: .]
  ignore line: [@m64]
  ignore line: [Candidate multilib: 32]
  ignore line: [@m32]
  ignore line: [Candidate multilib: x32]
  ignore line: [@mx32]
  ignore line: [Selected multilib: .]
  ignore line: [@m64]
  ignore line: [ "/mnt/tbbusers/tbbtest/tools/linux/oneapi_compiler/nightly_20210216/build/linux_prod/compiler/linux/bin/clang-offload-bundler" -type=o -targets=host-x86_64-unknown-linux-gnu,sycl-spir64-unknown-unknown-sycldevice -inputs=CMakeFiles/cmTC_4a543.dir/CMakeCXXCompilerABI.cpp.o -outputs=/tmp/CMakeCXXCompilerABI-607fe1.o,/tmp/CMakeCXXCompilerABI-50a2f0.o -unbundle -allow-missing-bundles]
  ignore line: [ "/mnt/tbbusers/tbbtest/tools/linux/oneapi_compiler/nightly_20210216/build/linux_prod/compiler/linux/bin/llvm-link" /tmp/CMakeCXXCompilerABI-50a2f0.o -o /tmp/CMakeCXXCompilerABI-abe550.bc --suppress-warnings]
  ignore line: [ "/mnt/tbbusers/tbbtest/tools/linux/oneapi_compiler/nightly_20210216/build/linux_prod/compiler/linux/bin/clang-offload-bundler" -type=o -targets=sycl-spir64-unknown-unknown-sycldevice -inputs=/mnt/tbbusers/tbbtest/tools/linux/oneapi_compiler/nightly_20210216/build/linux_prod/compiler/linux/bin/../lib/libsycl-crt.o -outputs=/tmp/libsycl-crt-0cf14f.o -unbundle -allow-missing-bundles]
  ignore line: [ "/mnt/tbbusers/tbbtest/tools/linux/oneapi_compiler/nightly_20210216/build/linux_prod/compiler/linux/bin/clang-offload-bundler" -type=o -targets=sycl-spir64-unknown-unknown-sycldevice -inputs=/mnt/tbbusers/tbbtest/tools/linux/oneapi_compiler/nightly_20210216/build/linux_prod/compiler/linux/bin/../lib/libsycl-complex.o -outputs=/tmp/libsycl-complex-d17ab3.o -unbundle -allow-missing-bundles]
  ignore line: [ "/mnt/tbbusers/tbbtest/tools/linux/oneapi_compiler/nightly_20210216/build/linux_prod/compiler/linux/bin/clang-offload-bundler" -type=o -targets=sycl-spir64-unknown-unknown-sycldevice -inputs=/mnt/tbbusers/tbbtest/tools/linux/oneapi_compiler/nightly_20210216/build/linux_prod/compiler/linux/bin/../lib/libsycl-complex-fp64.o -outputs=/tmp/libsycl-complex-fp64-723e12.o -unbundle -allow-missing-bundles]
  ignore line: [ "/mnt/tbbusers/tbbtest/tools/linux/oneapi_compiler/nightly_20210216/build/linux_prod/compiler/linux/bin/clang-offload-bundler" -type=o -targets=sycl-spir64-unknown-unknown-sycldevice -inputs=/mnt/tbbusers/tbbtest/tools/linux/oneapi_compiler/nightly_20210216/build/linux_prod/compiler/linux/bin/../lib/libsycl-cmath.o -outputs=/tmp/libsycl-cmath-f62992.o -unbundle -allow-missing-bundles]
  ignore line: [ "/mnt/tbbusers/tbbtest/tools/linux/oneapi_compiler/nightly_20210216/build/linux_prod/compiler/linux/bin/clang-offload-bundler" -type=o -targets=sycl-spir64-unknown-unknown-sycldevice -inputs=/mnt/tbbusers/tbbtest/tools/linux/oneapi_compiler/nightly_20210216/build/linux_prod/compiler/linux/bin/../lib/libsycl-cmath-fp64.o -outputs=/tmp/libsycl-cmath-fp64-93d783.o -unbundle -allow-missing-bundles]
  ignore line: [ "/mnt/tbbusers/tbbtest/tools/linux/oneapi_compiler/nightly_20210216/build/linux_prod/compiler/linux/bin/clang-offload-bundler" -type=o -targets=sycl-spir64-unknown-unknown-sycldevice -inputs=/mnt/tbbusers/tbbtest/tools/linux/oneapi_compiler/nightly_20210216/build/linux_prod/compiler/linux/bin/../lib/libsycl-fallback-cassert.o -outputs=/tmp/libsycl-fallback-cassert-79f6a3.o -unbundle -allow-missing-bundles]
  ignore line: [ "/mnt/tbbusers/tbbtest/tools/linux/oneapi_compiler/nightly_20210216/build/linux_prod/compiler/linux/bin/clang-offload-bundler" -type=o -targets=sycl-spir64-unknown-unknown-sycldevice -inputs=/mnt/tbbusers/tbbtest/tools/linux/oneapi_compiler/nightly_20210216/build/linux_prod/compiler/linux/bin/../lib/libsycl-fallback-complex.o -outputs=/tmp/libsycl-fallback-complex-584c2f.o -unbundle -allow-missing-bundles]
  ignore line: [ "/mnt/tbbusers/tbbtest/tools/linux/oneapi_compiler/nightly_20210216/build/linux_prod/compiler/linux/bin/clang-offload-bundler" -type=o -targets=sycl-spir64-unknown-unknown-sycldevice -inputs=/mnt/tbbusers/tbbtest/tools/linux/oneapi_compiler/nightly_20210216/build/linux_prod/compiler/linux/bin/../lib/libsycl-fallback-complex-fp64.o -outputs=/tmp/libsycl-fallback-complex-fp64-091373.o -unbundle -allow-missing-bundles]
  ignore line: [ "/mnt/tbbusers/tbbtest/tools/linux/oneapi_compiler/nightly_20210216/build/linux_prod/compiler/linux/bin/clang-offload-bundler" -type=o -targets=sycl-spir64-unknown-unknown-sycldevice -inputs=/mnt/tbbusers/tbbtest/tools/linux/oneapi_compiler/nightly_20210216/build/linux_prod/compiler/linux/bin/../lib/libsycl-fallback-cmath.o -outputs=/tmp/libsycl-fallback-cmath-569802.o -unbundle -allow-missing-bundles]
  ignore line: [ "/mnt/tbbusers/tbbtest/tools/linux/oneapi_compiler/nightly_20210216/build/linux_prod/compiler/linux/bin/clang-offload-bundler" -type=o -targets=sycl-spir64-unknown-unknown-sycldevice -inputs=/mnt/tbbusers/tbbtest/tools/linux/oneapi_compiler/nightly_20210216/build/linux_prod/compiler/linux/bin/../lib/libsycl-fallback-cmath-fp64.o -outputs=/tmp/libsycl-fallback-cmath-fp64-a9571e.o -unbundle -allow-missing-bundles]
  ignore line: [ "/mnt/tbbusers/tbbtest/tools/linux/oneapi_compiler/nightly_20210216/build/linux_prod/compiler/linux/bin/llvm-link" -only-needed /tmp/CMakeCXXCompilerABI-abe550.bc /tmp/libsycl-crt-0cf14f.o /tmp/libsycl-complex-d17ab3.o /tmp/libsycl-complex-fp64-723e12.o /tmp/libsycl-cmath-f62992.o /tmp/libsycl-cmath-fp64-93d783.o /tmp/libsycl-fallback-cassert-79f6a3.o /tmp/libsycl-fallback-complex-584c2f.o /tmp/libsycl-fallback-complex-fp64-091373.o /tmp/libsycl-fallback-cmath-569802.o /tmp/libsycl-fallback-cmath-fp64-a9571e.o -o /tmp/CMakeCXXCompilerABI-a879f1.bc --suppress-warnings]
  ignore line: [ "/mnt/tbbusers/tbbtest/tools/linux/oneapi_compiler/nightly_20210216/build/linux_prod/compiler/linux/bin/sycl-post-link" -split=auto -symbols -spec-const=rt -o /tmp/CMakeCXXCompilerABI-c4901c.table /tmp/CMakeCXXCompilerABI-a879f1.bc]
  ignore line: [ "/mnt/tbbusers/tbbtest/tools/linux/oneapi_compiler/nightly_20210216/build/linux_prod/compiler/linux/bin/file-table-tform" -extract=Code -drop_titles -o /tmp/CMakeCXXCompilerABI-01514d.txt /tmp/CMakeCXXCompilerABI-c4901c.table]
  ignore line: [ "/mnt/tbbusers/tbbtest/tools/linux/oneapi_compiler/nightly_20210216/build/linux_prod/compiler/linux/bin/llvm-foreach" --in-file-list=/tmp/CMakeCXXCompilerABI-01514d.txt --in-replace=/tmp/CMakeCXXCompilerABI-01514d.txt --out-ext=spv --out-file-list=/tmp/CMakeCXXCompilerABI-4a3e23.txt --out-replace=/tmp/CMakeCXXCompilerABI-4a3e23.txt -- /mnt/tbbusers/tbbtest/tools/linux/oneapi_compiler/nightly_20210216/build/linux_prod/compiler/linux/bin/llvm-spirv -o /tmp/CMakeCXXCompilerABI-4a3e23.txt -spirv-max-version=1.1 -spirv-debug-info-version=legacy -spirv-allow-extra-diexpressions -spirv-ext=+all,-SPV_INTEL_usm_storage_classes /tmp/CMakeCXXCompilerABI-01514d.txt]
  ignore line: [ "/mnt/tbbusers/tbbtest/tools/linux/oneapi_compiler/nightly_20210216/build/linux_prod/compiler/linux/bin/file-table-tform" -replace=Code,Code -o /tmp/CMakeCXXCompilerABI-0cd63e.table /tmp/CMakeCXXCompilerABI-c4901c.table /tmp/CMakeCXXCompilerABI-4a3e23.txt]
  ignore line: [ "/mnt/tbbusers/tbbtest/tools/linux/oneapi_compiler/nightly_20210216/build/linux_prod/compiler/linux/bin/clang-offload-wrapper" -o=/tmp/wrapper-c4a64b.bc -host=x86_64-unknown-linux-gnu -target=spir64 -kind=sycl -batch /tmp/CMakeCXXCompilerABI-0cd63e.table]
  ignore line: [ "/mnt/tbbusers/tbbtest/tools/linux/oneapi_compiler/nightly_20210216/build/linux_prod/compiler/linux/bin/llc" -filetype=obj -o /tmp/cmTC_4a543-4e6b75.o /tmp/wrapper-c4a64b.bc]
  link line: [ "/usr/bin/ld" -export-dynamic -z relro --hash-style=gnu --eh-frame-hdr -m elf_x86_64 -export-dynamic -dynamic-linker /lib64/ld-linux-x86-64.so.2 -o cmTC_4a543 /usr/lib/gcc/x86_64-linux-gnu/7.5.0/../../../x86_64-linux-gnu/crt1.o /usr/lib/gcc/x86_64-linux-gnu/7.5.0/../../../x86_64-linux-gnu/crti.o /usr/lib/gcc/x86_64-linux-gnu/7.5.0/crtbegin.o -L/mnt/tbbusers/tbbtest/tools/linux/oneapi_compiler/nightly_20210216/build/linux_prod/compiler/linux/bin/../compiler/lib/intel64_lin -L/mnt/tbbusers/tbbtest/tools/linux/oneapi_compiler/nightly_20210216/build/linux_prod/compiler/linux/bin/../lib -L/mnt/tbbusers/tbbtest/tools/linux/oneapi_compiler/nightly_20210216/build/linux_prod/compiler/linux/bin/../compiler/lib/intel64_lin -L/usr/lib/gcc/x86_64-linux-gnu/7.5.0 -L/usr/lib/gcc/x86_64-linux-gnu/7.5.0/../../../x86_64-linux-gnu -L/lib/x86_64-linux-gnu -L/lib/../lib64 -L/usr/lib/x86_64-linux-gnu -L/usr/lib/gcc/x86_64-linux-gnu/7.5.0/../../.. -L/mnt/tbbusers/tbbtest/tools/linux/oneapi_compiler/nightly_20210216/build/linux_prod/compiler/linux/bin/../lib -L/lib -L/usr/lib -L/mnt/tbbusers/tbbtest/tools/linux/inteloneapi/2021.1-gold-idp/tbb/2021.1.1/env/../lib/intel64/gcc4.8 -L/mnt/tbbusers/tbbtest/tools/linux/oneapi_compiler/nightly_20210216/build/linux_prod/compiler/linux/compiler/lib/intel64_lin -L/mnt/tbbusers/tbbtest/tools/linux/oneapi_compiler/nightly_20210216/build/linux_prod/compiler/linux/lib /tmp/CMakeCXXCompilerABI-607fe1.o /tmp/cmTC_4a543-4e6b75.o -Bstatic -lsvml -Bdynamic -Bstatic -lirng -Bdynamic -lstdc++ -limf -lm -lgcc_s -lgcc -Bstatic -lirc -Bdynamic -ldl -lgcc_s -lgcc -lsycl -lc -lgcc_s -lgcc -Bstatic -lirc_s -Bdynamic /usr/lib/gcc/x86_64-linux-gnu/7.5.0/crtend.o /usr/lib/gcc/x86_64-linux-gnu/7.5.0/../../../x86_64-linux-gnu/crtn.o]
    arg [/usr/bin/ld] ==> ignore
    arg [-export-dynamic] ==> ignore
    arg [-zrelro] ==> ignore
    arg [--hash-style=gnu] ==> ignore
    arg [--eh-frame-hdr] ==> ignore
    arg [-m] ==> ignore
    arg [elf_x86_64] ==> ignore
    arg [-export-dynamic] ==> ignore
    arg [-dynamic-linker] ==> ignore
    arg [/lib64/ld-linux-x86-64.so.2] ==> ignore
    arg [-o] ==> ignore
    arg [cmTC_4a543] ==> ignore
    arg [/usr/lib/gcc/x86_64-linux-gnu/7.5.0/../../../x86_64-linux-gnu/crt1.o] ==> ignore
    arg [/usr/lib/gcc/x86_64-linux-gnu/7.5.0/../../../x86_64-linux-gnu/crti.o] ==> ignore
    arg [/usr/lib/gcc/x86_64-linux-gnu/7.5.0/crtbegin.o] ==> ignore
    arg [-L/mnt/tbbusers/tbbtest/tools/linux/oneapi_compiler/nightly_20210216/build/linux_prod/compiler/linux/bin/../compiler/lib/intel64_lin] ==> dir [/mnt/tbbusers/tbbtest/tools/linux/oneapi_compiler/nightly_20210216/build/linux_prod/compiler/linux/bin/../compiler/lib/intel64_lin]
    arg [-L/mnt/tbbusers/tbbtest/tools/linux/oneapi_compiler/nightly_20210216/build/linux_prod/compiler/linux/bin/../lib] ==> dir [/mnt/tbbusers/tbbtest/tools/linux/oneapi_compiler/nightly_20210216/build/linux_prod/compiler/linux/bin/../lib]
    arg [-L/mnt/tbbusers/tbbtest/tools/linux/oneapi_compiler/nightly_20210216/build/linux_prod/compiler/linux/bin/../compiler/lib/intel64_lin] ==> dir [/mnt/tbbusers/tbbtest/tools/linux/oneapi_compiler/nightly_20210216/build/linux_prod/compiler/linux/bin/../compiler/lib/intel64_lin]
    arg [-L/usr/lib/gcc/x86_64-linux-gnu/7.5.0] ==> dir [/usr/lib/gcc/x86_64-linux-gnu/7.5.0]
    arg [-L/usr/lib/gcc/x86_64-linux-gnu/7.5.0/../../../x86_64-linux-gnu] ==> dir [/usr/lib/gcc/x86_64-linux-gnu/7.5.0/../../../x86_64-linux-gnu]
    arg [-L/lib/x86_64-linux-gnu] ==> dir [/lib/x86_64-linux-gnu]
    arg [-L/lib/../lib64] ==> dir [/lib/../lib64]
    arg [-L/usr/lib/x86_64-linux-gnu] ==> dir [/usr/lib/x86_64-linux-gnu]
    arg [-L/usr/lib/gcc/x86_64-linux-gnu/7.5.0/../../..] ==> dir [/usr/lib/gcc/x86_64-linux-gnu/7.5.0/../../..]
    arg [-L/mnt/tbbusers/tbbtest/tools/linux/oneapi_compiler/nightly_20210216/build/linux_prod/compiler/linux/bin/../lib] ==> dir [/mnt/tbbusers/tbbtest/tools/linux/oneapi_compiler/nightly_20210216/build/linux_prod/compiler/linux/bin/../lib]
    arg [-L/lib] ==> dir [/lib]
    arg [-L/usr/lib] ==> dir [/usr/lib]
    arg [-L/mnt/tbbusers/tbbtest/tools/linux/inteloneapi/2021.1-gold-idp/tbb/2021.1.1/env/../lib/intel64/gcc4.8] ==> dir [/mnt/tbbusers/tbbtest/tools/linux/inteloneapi/2021.1-gold-idp/tbb/2021.1.1/env/../lib/intel64/gcc4.8]
    arg [-L/mnt/tbbusers/tbbtest/tools/linux/oneapi_compiler/nightly_20210216/build/linux_prod/compiler/linux/compiler/lib/intel64_lin] ==> dir [/mnt/tbbusers/tbbtest/tools/linux/oneapi_compiler/nightly_20210216/build/linux_prod/compiler/linux/compiler/lib/intel64_lin]
    arg [-L/mnt/tbbusers/tbbtest/tools/linux/oneapi_compiler/nightly_20210216/build/linux_prod/compiler/linux/lib] ==> dir [/mnt/tbbusers/tbbtest/tools/linux/oneapi_compiler/nightly_20210216/build/linux_prod/compiler/linux/lib]
    arg [/tmp/CMakeCXXCompilerABI-607fe1.o] ==> ignore
    arg [/tmp/cmTC_4a543-4e6b75.o] ==> ignore
    arg [-Bstatic] ==> ignore
    arg [-lsvml] ==> lib [svml]
    arg [-Bdynamic] ==> ignore
    arg [-Bstatic] ==> ignore
    arg [-lirng] ==> lib [irng]
    arg [-Bdynamic] ==> ignore
    arg [-lstdc++] ==> lib [stdc++]
    arg [-limf] ==> lib [imf]
    arg [-lm] ==> lib [m]
    arg [-lgcc_s] ==> lib [gcc_s]
    arg [-lgcc] ==> lib [gcc]
    arg [-Bstatic] ==> ignore
    arg [-lirc] ==> lib [irc]
    arg [-Bdynamic] ==> ignore
    arg [-ldl] ==> lib [dl]
    arg [-lgcc_s] ==> lib [gcc_s]
    arg [-lgcc] ==> lib [gcc]
    arg [-lsycl] ==> lib [sycl]
    arg [-lc] ==> lib [c]
    arg [-lgcc_s] ==> lib [gcc_s]
    arg [-lgcc] ==> lib [gcc]
    arg [-Bstatic] ==> ignore
    arg [-lirc_s] ==> lib [irc_s]
    arg [-Bdynamic] ==> ignore
    arg [/usr/lib/gcc/x86_64-linux-gnu/7.5.0/crtend.o] ==> ignore
    arg [/usr/lib/gcc/x86_64-linux-gnu/7.5.0/../../../x86_64-linux-gnu/crtn.o] ==> ignore
  collapse library dir [/mnt/tbbusers/tbbtest/tools/linux/oneapi_compiler/nightly_20210216/build/linux_prod/compiler/linux/bin/../compiler/lib/intel64_lin] ==> [/mnt/tbbusers/tbbtest/tools/linux/oneapi_compiler/nightly_20210216/build/linux_prod/compiler/linux/compiler/lib/intel64_lin]
  collapse library dir [/mnt/tbbusers/tbbtest/tools/linux/oneapi_compiler/nightly_20210216/build/linux_prod/compiler/linux/bin/../lib] ==> [/mnt/tbbusers/tbbtest/tools/linux/oneapi_compiler/nightly_20210216/build/linux_prod/compiler/linux/lib]
  collapse library dir [/mnt/tbbusers/tbbtest/tools/linux/oneapi_compiler/nightly_20210216/build/linux_prod/compiler/linux/bin/../compiler/lib/intel64_lin] ==> [/mnt/tbbusers/tbbtest/tools/linux/oneapi_compiler/nightly_20210216/build/linux_prod/compiler/linux/compiler/lib/intel64_lin]
  collapse library dir [/usr/lib/gcc/x86_64-linux-gnu/7.5.0] ==> [/usr/lib/gcc/x86_64-linux-gnu/7.5.0]
  collapse library dir [/usr/lib/gcc/x86_64-linux-gnu/7.5.0/../../../x86_64-linux-gnu] ==> [/usr/lib/x86_64-linux-gnu]
  collapse library dir [/lib/x86_64-linux-gnu] ==> [/lib/x86_64-linux-gnu]
  collapse library dir [/lib/../lib64] ==> [/lib64]
  collapse library dir [/usr/lib/x86_64-linux-gnu] ==> [/usr/lib/x86_64-linux-gnu]
  collapse library dir [/usr/lib/gcc/x86_64-linux-gnu/7.5.0/../../..] ==> [/usr/lib]
  collapse library dir [/mnt/tbbusers/tbbtest/tools/linux/oneapi_compiler/nightly_20210216/build/linux_prod/compiler/linux/bin/../lib] ==> [/mnt/tbbusers/tbbtest/tools/linux/oneapi_compiler/nightly_20210216/build/linux_prod/compiler/linux/lib]
  collapse library dir [/lib] ==> [/lib]
  collapse library dir [/usr/lib] ==> [/usr/lib]
  collapse library dir [/mnt/tbbusers/tbbtest/tools/linux/inteloneapi/2021.1-gold-idp/tbb/2021.1.1/env/../lib/intel64/gcc4.8] ==> [/mnt/tbbusers/tbbtest/tools/linux/inteloneapi/2021.1-gold-idp/tbb/2021.1.1/lib/intel64/gcc4.8]
  collapse library dir [/mnt/tbbusers/tbbtest/tools/linux/oneapi_compiler/nightly_20210216/build/linux_prod/compiler/linux/compiler/lib/intel64_lin] ==> [/mnt/tbbusers/tbbtest/tools/linux/oneapi_compiler/nightly_20210216/build/linux_prod/compiler/linux/compiler/lib/intel64_lin]
  collapse library dir [/mnt/tbbusers/tbbtest/tools/linux/oneapi_compiler/nightly_20210216/build/linux_prod/compiler/linux/lib] ==> [/mnt/tbbusers/tbbtest/tools/linux/oneapi_compiler/nightly_20210216/build/linux_prod/compiler/linux/lib]
  implicit libs: [svml;irng;stdc++;imf;m;gcc_s;gcc;irc;dl;gcc_s;gcc;sycl;c;gcc_s;gcc;irc_s]
  implicit dirs: [/mnt/tbbusers/tbbtest/tools/linux/oneapi_compiler/nightly_20210216/build/linux_prod/compiler/linux/compiler/lib/intel64_lin;/mnt/tbbusers/tbbtest/tools/linux/oneapi_compiler/nightly_20210216/build/linux_prod/compiler/linux/lib;/usr/lib/gcc/x86_64-linux-gnu/7.5.0;/usr/lib/x86_64-linux-gnu;/lib/x86_64-linux-gnu;/lib64;/usr/lib;/lib;/mnt/tbbusers/tbbtest/tools/linux/inteloneapi/2021.1-gold-idp/tbb/2021.1.1/lib/intel64/gcc4.8]
  implicit fwks: []




Detecting CXX [-std=c++1z] compiler features compiled with the following output:
Change Dir: /nfs/site/home/andreyfe/work/repos/GITHUB/oneDPL/examples/gamma_correction/build/CMakeFiles/CMakeTmp

Run Build Command:"/usr/bin/make" "cmTC_a1b3a/fast"
/usr/bin/make -f CMakeFiles/cmTC_a1b3a.dir/build.make CMakeFiles/cmTC_a1b3a.dir/build
make[1]: Entering directory '/mnt/tbbusers/andreyfe/work/repos/GITHUB/oneDPL/examples/gamma_correction/build/CMakeFiles/CMakeTmp'
Building CXX object CMakeFiles/cmTC_a1b3a.dir/feature_tests.cxx.o
/mnt/tbbusers/tbbtest/tools/linux/oneapi_compiler/nightly_20210216/build/linux_prod/compiler/linux/bin/dpcpp    -std=c++1z -o CMakeFiles/cmTC_a1b3a.dir/feature_tests.cxx.o -c /nfs/site/home/andreyfe/work/repos/GITHUB/oneDPL/examples/gamma_correction/build/CMakeFiles/feature_tests.cxx
Linking CXX executable cmTC_a1b3a
/usr/bin/cmake -E cmake_link_script CMakeFiles/cmTC_a1b3a.dir/link.txt --verbose=1
/mnt/tbbusers/tbbtest/tools/linux/oneapi_compiler/nightly_20210216/build/linux_prod/compiler/linux/bin/dpcpp       -rdynamic CMakeFiles/cmTC_a1b3a.dir/feature_tests.cxx.o  -o cmTC_a1b3a 
make[1]: Leaving directory '/mnt/tbbusers/andreyfe/work/repos/GITHUB/oneDPL/examples/gamma_correction/build/CMakeFiles/CMakeTmp'


    Feature record: CXX_FEATURE:1cxx_aggregate_default_initializers
    Feature record: CXX_FEATURE:1cxx_alias_templates
    Feature record: CXX_FEATURE:1cxx_alignas
    Feature record: CXX_FEATURE:1cxx_alignof
    Feature record: CXX_FEATURE:1cxx_attributes
    Feature record: CXX_FEATURE:1cxx_attribute_deprecated
    Feature record: CXX_FEATURE:1cxx_auto_type
    Feature record: CXX_FEATURE:1cxx_binary_literals
    Feature record: CXX_FEATURE:1cxx_constexpr
    Feature record: CXX_FEATURE:1cxx_contextual_conversions
    Feature record: CXX_FEATURE:1cxx_decltype
    Feature record: CXX_FEATURE:1cxx_decltype_auto
    Feature record: CXX_FEATURE:1cxx_decltype_incomplete_return_types
    Feature record: CXX_FEATURE:1cxx_default_function_template_args
    Feature record: CXX_FEATURE:1cxx_defaulted_functions
    Feature record: CXX_FEATURE:1cxx_defaulted_move_initializers
    Feature record: CXX_FEATURE:1cxx_delegating_constructors
    Feature record: CXX_FEATURE:1cxx_deleted_functions
    Feature record: CXX_FEATURE:1cxx_digit_separators
    Feature record: CXX_FEATURE:1cxx_enum_forward_declarations
    Feature record: CXX_FEATURE:1cxx_explicit_conversions
    Feature record: CXX_FEATURE:1cxx_extended_friend_declarations
    Feature record: CXX_FEATURE:1cxx_extern_templates
    Feature record: CXX_FEATURE:1cxx_final
    Feature record: CXX_FEATURE:1cxx_func_identifier
    Feature record: CXX_FEATURE:1cxx_generalized_initializers
    Feature record: CXX_FEATURE:1cxx_generic_lambdas
    Feature record: CXX_FEATURE:1cxx_inheriting_constructors
    Feature record: CXX_FEATURE:1cxx_inline_namespaces
    Feature record: CXX_FEATURE:1cxx_lambdas
    Feature record: CXX_FEATURE:1cxx_lambda_init_captures
    Feature record: CXX_FEATURE:1cxx_local_type_template_args
    Feature record: CXX_FEATURE:1cxx_long_long_type
    Feature record: CXX_FEATURE:1cxx_noexcept
    Feature record: CXX_FEATURE:1cxx_nonstatic_member_init
    Feature record: CXX_FEATURE:1cxx_nullptr
    Feature record: CXX_FEATURE:1cxx_override
    Feature record: CXX_FEATURE:1cxx_range_for
    Feature record: CXX_FEATURE:1cxx_raw_string_literals
    Feature record: CXX_FEATURE:1cxx_reference_qualified_functions
    Feature record: CXX_FEATURE:1cxx_relaxed_constexpr
    Feature record: CXX_FEATURE:1cxx_return_type_deduction
    Feature record: CXX_FEATURE:1cxx_right_angle_brackets
    Feature record: CXX_FEATURE:1cxx_rvalue_references
    Feature record: CXX_FEATURE:1cxx_sizeof_member
    Feature record: CXX_FEATURE:1cxx_static_assert
    Feature record: CXX_FEATURE:1cxx_strong_enums
    Feature record: CXX_FEATURE:1cxx_template_template_parameters
    Feature record: CXX_FEATURE:1cxx_thread_local
    Feature record: CXX_FEATURE:1cxx_trailing_return_types
    Feature record: CXX_FEATURE:1cxx_unicode_literals
    Feature record: CXX_FEATURE:1cxx_uniform_initialization
    Feature record: CXX_FEATURE:1cxx_unrestricted_unions
    Feature record: CXX_FEATURE:1cxx_user_literals
    Feature record: CXX_FEATURE:1cxx_variable_templates
    Feature record: CXX_FEATURE:1cxx_variadic_macros
    Feature record: CXX_FEATURE:1cxx_variadic_templates


Detecting CXX [-std=c++14] compiler features compiled with the following output:
Change Dir: /nfs/site/home/andreyfe/work/repos/GITHUB/oneDPL/examples/gamma_correction/build/CMakeFiles/CMakeTmp

Run Build Command:"/usr/bin/make" "cmTC_422be/fast"
/usr/bin/make -f CMakeFiles/cmTC_422be.dir/build.make CMakeFiles/cmTC_422be.dir/build
make[1]: Entering directory '/mnt/tbbusers/andreyfe/work/repos/GITHUB/oneDPL/examples/gamma_correction/build/CMakeFiles/CMakeTmp'
Building CXX object CMakeFiles/cmTC_422be.dir/feature_tests.cxx.o
/mnt/tbbusers/tbbtest/tools/linux/oneapi_compiler/nightly_20210216/build/linux_prod/compiler/linux/bin/dpcpp    -std=c++14 -o CMakeFiles/cmTC_422be.dir/feature_tests.cxx.o -c /nfs/site/home/andreyfe/work/repos/GITHUB/oneDPL/examples/gamma_correction/build/CMakeFiles/feature_tests.cxx
Linking CXX executable cmTC_422be
/usr/bin/cmake -E cmake_link_script CMakeFiles/cmTC_422be.dir/link.txt --verbose=1
/mnt/tbbusers/tbbtest/tools/linux/oneapi_compiler/nightly_20210216/build/linux_prod/compiler/linux/bin/dpcpp       -rdynamic CMakeFiles/cmTC_422be.dir/feature_tests.cxx.o  -o cmTC_422be 
make[1]: Leaving directory '/mnt/tbbusers/andreyfe/work/repos/GITHUB/oneDPL/examples/gamma_correction/build/CMakeFiles/CMakeTmp'


    Feature record: CXX_FEATURE:1cxx_aggregate_default_initializers
    Feature record: CXX_FEATURE:1cxx_alias_templates
    Feature record: CXX_FEATURE:1cxx_alignas
    Feature record: CXX_FEATURE:1cxx_alignof
    Feature record: CXX_FEATURE:1cxx_attributes
    Feature record: CXX_FEATURE:1cxx_attribute_deprecated
    Feature record: CXX_FEATURE:1cxx_auto_type
    Feature record: CXX_FEATURE:1cxx_binary_literals
    Feature record: CXX_FEATURE:1cxx_constexpr
    Feature record: CXX_FEATURE:1cxx_contextual_conversions
    Feature record: CXX_FEATURE:1cxx_decltype
    Feature record: CXX_FEATURE:1cxx_decltype_auto
    Feature record: CXX_FEATURE:1cxx_decltype_incomplete_return_types
    Feature record: CXX_FEATURE:1cxx_default_function_template_args
    Feature record: CXX_FEATURE:1cxx_defaulted_functions
    Feature record: CXX_FEATURE:1cxx_defaulted_move_initializers
    Feature record: CXX_FEATURE:1cxx_delegating_constructors
    Feature record: CXX_FEATURE:1cxx_deleted_functions
    Feature record: CXX_FEATURE:1cxx_digit_separators
    Feature record: CXX_FEATURE:1cxx_enum_forward_declarations
    Feature record: CXX_FEATURE:1cxx_explicit_conversions
    Feature record: CXX_FEATURE:1cxx_extended_friend_declarations
    Feature record: CXX_FEATURE:1cxx_extern_templates
    Feature record: CXX_FEATURE:1cxx_final
    Feature record: CXX_FEATURE:1cxx_func_identifier
    Feature record: CXX_FEATURE:1cxx_generalized_initializers
    Feature record: CXX_FEATURE:1cxx_generic_lambdas
    Feature record: CXX_FEATURE:1cxx_inheriting_constructors
    Feature record: CXX_FEATURE:1cxx_inline_namespaces
    Feature record: CXX_FEATURE:1cxx_lambdas
    Feature record: CXX_FEATURE:1cxx_lambda_init_captures
    Feature record: CXX_FEATURE:1cxx_local_type_template_args
    Feature record: CXX_FEATURE:1cxx_long_long_type
    Feature record: CXX_FEATURE:1cxx_noexcept
    Feature record: CXX_FEATURE:1cxx_nonstatic_member_init
    Feature record: CXX_FEATURE:1cxx_nullptr
    Feature record: CXX_FEATURE:1cxx_override
    Feature record: CXX_FEATURE:1cxx_range_for
    Feature record: CXX_FEATURE:1cxx_raw_string_literals
    Feature record: CXX_FEATURE:1cxx_reference_qualified_functions
    Feature record: CXX_FEATURE:1cxx_relaxed_constexpr
    Feature record: CXX_FEATURE:1cxx_return_type_deduction
    Feature record: CXX_FEATURE:1cxx_right_angle_brackets
    Feature record: CXX_FEATURE:1cxx_rvalue_references
    Feature record: CXX_FEATURE:1cxx_sizeof_member
    Feature record: CXX_FEATURE:1cxx_static_assert
    Feature record: CXX_FEATURE:1cxx_strong_enums
    Feature record: CXX_FEATURE:1cxx_template_template_parameters
    Feature record: CXX_FEATURE:1cxx_thread_local
    Feature record: CXX_FEATURE:1cxx_trailing_return_types
    Feature record: CXX_FEATURE:1cxx_unicode_literals
    Feature record: CXX_FEATURE:1cxx_uniform_initialization
    Feature record: CXX_FEATURE:1cxx_unrestricted_unions
    Feature record: CXX_FEATURE:1cxx_user_literals
    Feature record: CXX_FEATURE:1cxx_variable_templates
    Feature record: CXX_FEATURE:1cxx_variadic_macros
    Feature record: CXX_FEATURE:1cxx_variadic_templates


Detecting CXX [-std=c++11] compiler features compiled with the following output:
Change Dir: /nfs/site/home/andreyfe/work/repos/GITHUB/oneDPL/examples/gamma_correction/build/CMakeFiles/CMakeTmp

Run Build Command:"/usr/bin/make" "cmTC_a567a/fast"
/usr/bin/make -f CMakeFiles/cmTC_a567a.dir/build.make CMakeFiles/cmTC_a567a.dir/build
make[1]: Entering directory '/mnt/tbbusers/andreyfe/work/repos/GITHUB/oneDPL/examples/gamma_correction/build/CMakeFiles/CMakeTmp'
Building CXX object CMakeFiles/cmTC_a567a.dir/feature_tests.cxx.o
/mnt/tbbusers/tbbtest/tools/linux/oneapi_compiler/nightly_20210216/build/linux_prod/compiler/linux/bin/dpcpp    -std=c++11 -o CMakeFiles/cmTC_a567a.dir/feature_tests.cxx.o -c /nfs/site/home/andreyfe/work/repos/GITHUB/oneDPL/examples/gamma_correction/build/CMakeFiles/feature_tests.cxx
Linking CXX executable cmTC_a567a
/usr/bin/cmake -E cmake_link_script CMakeFiles/cmTC_a567a.dir/link.txt --verbose=1
/mnt/tbbusers/tbbtest/tools/linux/oneapi_compiler/nightly_20210216/build/linux_prod/compiler/linux/bin/dpcpp       -rdynamic CMakeFiles/cmTC_a567a.dir/feature_tests.cxx.o  -o cmTC_a567a 
make[1]: Leaving directory '/mnt/tbbusers/andreyfe/work/repos/GITHUB/oneDPL/examples/gamma_correction/build/CMakeFiles/CMakeTmp'


    Feature record: CXX_FEATURE:0cxx_aggregate_default_initializers
    Feature record: CXX_FEATURE:1cxx_alias_templates
    Feature record: CXX_FEATURE:1cxx_alignas
    Feature record: CXX_FEATURE:1cxx_alignof
    Feature record: CXX_FEATURE:1cxx_attributes
    Feature record: CXX_FEATURE:0cxx_attribute_deprecated
    Feature record: CXX_FEATURE:1cxx_auto_type
    Feature record: CXX_FEATURE:0cxx_binary_literals
    Feature record: CXX_FEATURE:1cxx_constexpr
    Feature record: CXX_FEATURE:0cxx_contextual_conversions
    Feature record: CXX_FEATURE:1cxx_decltype
    Feature record: CXX_FEATURE:0cxx_decltype_auto
    Feature record: CXX_FEATURE:1cxx_decltype_incomplete_return_types
    Feature record: CXX_FEATURE:1cxx_default_function_template_args
    Feature record: CXX_FEATURE:1cxx_defaulted_functions
    Feature record: CXX_FEATURE:1cxx_defaulted_move_initializers
    Feature record: CXX_FEATURE:1cxx_delegating_constructors
    Feature record: CXX_FEATURE:1cxx_deleted_functions
    Feature record: CXX_FEATURE:0cxx_digit_separators
    Feature record: CXX_FEATURE:1cxx_enum_forward_declarations
    Feature record: CXX_FEATURE:1cxx_explicit_conversions
    Feature record: CXX_FEATURE:1cxx_extended_friend_declarations
    Feature record: CXX_FEATURE:1cxx_extern_templates
    Feature record: CXX_FEATURE:1cxx_final
    Feature record: CXX_FEATURE:1cxx_func_identifier
    Feature record: CXX_FEATURE:1cxx_generalized_initializers
    Feature record: CXX_FEATURE:0cxx_generic_lambdas
    Feature record: CXX_FEATURE:1cxx_inheriting_constructors
    Feature record: CXX_FEATURE:1cxx_inline_namespaces
    Feature record: CXX_FEATURE:1cxx_lambdas
    Feature record: CXX_FEATURE:0cxx_lambda_init_captures
    Feature record: CXX_FEATURE:1cxx_local_type_template_args
    Feature record: CXX_FEATURE:1cxx_long_long_type
    Feature record: CXX_FEATURE:1cxx_noexcept
    Feature record: CXX_FEATURE:1cxx_nonstatic_member_init
    Feature record: CXX_FEATURE:1cxx_nullptr
    Feature record: CXX_FEATURE:1cxx_override
    Feature record: CXX_FEATURE:1cxx_range_for
    Feature record: CXX_FEATURE:1cxx_raw_string_literals
    Feature record: CXX_FEATURE:1cxx_reference_qualified_functions
    Feature record: CXX_FEATURE:0cxx_relaxed_constexpr
    Feature record: CXX_FEATURE:0cxx_return_type_deduction
    Feature record: CXX_FEATURE:1cxx_right_angle_brackets
    Feature record: CXX_FEATURE:1cxx_rvalue_references
    Feature record: CXX_FEATURE:1cxx_sizeof_member
    Feature record: CXX_FEATURE:1cxx_static_assert
    Feature record: CXX_FEATURE:1cxx_strong_enums
    Feature record: CXX_FEATURE:1cxx_template_template_parameters
    Feature record: CXX_FEATURE:1cxx_thread_local
    Feature record: CXX_FEATURE:1cxx_trailing_return_types
    Feature record: CXX_FEATURE:1cxx_unicode_literals
    Feature record: CXX_FEATURE:1cxx_uniform_initialization
    Feature record: CXX_FEATURE:1cxx_unrestricted_unions
    Feature record: CXX_FEATURE:1cxx_user_literals
    Feature record: CXX_FEATURE:0cxx_variable_templates
    Feature record: CXX_FEATURE:1cxx_variadic_macros
    Feature record: CXX_FEATURE:1cxx_variadic_templates


Detecting CXX [-std=c++98] compiler features compiled with the following output:
Change Dir: /nfs/site/home/andreyfe/work/repos/GITHUB/oneDPL/examples/gamma_correction/build/CMakeFiles/CMakeTmp

Run Build Command:"/usr/bin/make" "cmTC_42100/fast"
/usr/bin/make -f CMakeFiles/cmTC_42100.dir/build.make CMakeFiles/cmTC_42100.dir/build
make[1]: Entering directory '/mnt/tbbusers/andreyfe/work/repos/GITHUB/oneDPL/examples/gamma_correction/build/CMakeFiles/CMakeTmp'
Building CXX object CMakeFiles/cmTC_42100.dir/feature_tests.cxx.o
/mnt/tbbusers/tbbtest/tools/linux/oneapi_compiler/nightly_20210216/build/linux_prod/compiler/linux/bin/dpcpp    -std=c++98 -o CMakeFiles/cmTC_42100.dir/feature_tests.cxx.o -c /nfs/site/home/andreyfe/work/repos/GITHUB/oneDPL/examples/gamma_correction/build/CMakeFiles/feature_tests.cxx
Linking CXX executable cmTC_42100
/usr/bin/cmake -E cmake_link_script CMakeFiles/cmTC_42100.dir/link.txt --verbose=1
/mnt/tbbusers/tbbtest/tools/linux/oneapi_compiler/nightly_20210216/build/linux_prod/compiler/linux/bin/dpcpp       -rdynamic CMakeFiles/cmTC_42100.dir/feature_tests.cxx.o  -o cmTC_42100 
make[1]: Leaving directory '/mnt/tbbusers/andreyfe/work/repos/GITHUB/oneDPL/examples/gamma_correction/build/CMakeFiles/CMakeTmp'


    Feature record: CXX_FEATURE:0cxx_aggregate_default_initializers
    Feature record: CXX_FEATURE:0cxx_alias_templates
    Feature record: CXX_FEATURE:0cxx_alignas
    Feature record: CXX_FEATURE:0cxx_alignof
    Feature record: CXX_FEATURE:0cxx_attributes
    Feature record: CXX_FEATURE:0cxx_attribute_deprecated
    Feature record: CXX_FEATURE:0cxx_auto_type
    Feature record: CXX_FEATURE:0cxx_binary_literals
    Feature record: CXX_FEATURE:0cxx_constexpr
    Feature record: CXX_FEATURE:0cxx_contextual_conversions
    Feature record: CXX_FEATURE:0cxx_decltype
    Feature record: CXX_FEATURE:0cxx_decltype_auto
    Feature record: CXX_FEATURE:0cxx_decltype_incomplete_return_types
    Feature record: CXX_FEATURE:0cxx_default_function_template_args
    Feature record: CXX_FEATURE:0cxx_defaulted_functions
    Feature record: CXX_FEATURE:0cxx_defaulted_move_initializers
    Feature record: CXX_FEATURE:0cxx_delegating_constructors
    Feature record: CXX_FEATURE:0cxx_deleted_functions
    Feature record: CXX_FEATURE:0cxx_digit_separators
    Feature record: CXX_FEATURE:0cxx_enum_forward_declarations
    Feature record: CXX_FEATURE:0cxx_explicit_conversions
    Feature record: CXX_FEATURE:0cxx_extended_friend_declarations
    Feature record: CXX_FEATURE:0cxx_extern_templates
    Feature record: CXX_FEATURE:0cxx_final
    Feature record: CXX_FEATURE:0cxx_func_identifier
    Feature record: CXX_FEATURE:0cxx_generalized_initializers
    Feature record: CXX_FEATURE:0cxx_generic_lambdas
    Feature record: CXX_FEATURE:0cxx_inheriting_constructors
    Feature record: CXX_FEATURE:0cxx_inline_namespaces
    Feature record: CXX_FEATURE:0cxx_lambdas
    Feature record: CXX_FEATURE:0cxx_lambda_init_captures
    Feature record: CXX_FEATURE:0cxx_local_type_template_args
    Feature record: CXX_FEATURE:0cxx_long_long_type
    Feature record: CXX_FEATURE:0cxx_noexcept
    Feature record: CXX_FEATURE:0cxx_nonstatic_member_init
    Feature record: CXX_FEATURE:0cxx_nullptr
    Feature record: CXX_FEATURE:0cxx_override
    Feature record: CXX_FEATURE:0cxx_range_for
    Feature record: CXX_FEATURE:0cxx_raw_string_literals
    Feature record: CXX_FEATURE:0cxx_reference_qualified_functions
    Feature record: CXX_FEATURE:0cxx_relaxed_constexpr
    Feature record: CXX_FEATURE:0cxx_return_type_deduction
    Feature record: CXX_FEATURE:0cxx_right_angle_brackets
    Feature record: CXX_FEATURE:0cxx_rvalue_references
    Feature record: CXX_FEATURE:0cxx_sizeof_member
    Feature record: CXX_FEATURE:0cxx_static_assert
    Feature record: CXX_FEATURE:0cxx_strong_enums
    Feature record: CXX_FEATURE:1cxx_template_template_parameters
    Feature record: CXX_FEATURE:0cxx_thread_local
    Feature record: CXX_FEATURE:0cxx_trailing_return_types
    Feature record: CXX_FEATURE:0cxx_unicode_literals
    Feature record: CXX_FEATURE:0cxx_uniform_initialization
    Feature record: CXX_FEATURE:0cxx_unrestricted_unions
    Feature record: CXX_FEATURE:0cxx_user_literals
    Feature record: CXX_FEATURE:0cxx_variable_templates
    Feature record: CXX_FEATURE:0cxx_variadic_macros
    Feature record: CXX_FEATURE:0cxx_variadic_templates
